<?xml version="1.0" encoding="UTF-8"?>
<testng-results ignored="0" total="1" passed="1" failed="0" skipped="0">
  <reporter-output>
  </reporter-output>
  <suite started-at="2024-03-02T12:57:23 CST" name="regression" finished-at="2024-03-02T12:59:25 CST" duration-ms="122643">
    <groups>
    </groups>
    <test started-at="2024-03-02T12:57:23 CST" name="AddNewCustomer" finished-at="2024-03-02T12:59:25 CST" duration-ms="122643">
      <class name="tests.AddNewCustomerTest">
        <test-method signature="userShuldBeAbleToAddNewCustomer(java.lang.String,java.lang.String,java.lang.String,java.lang.String,java.lang.String,java.lang.String,java.lang.String,java.lang.String,java.lang.String,java.lang.String,java.lang.String,java.lang.String,java.lang.String)[pri:0, instance:tests.AddNewCustomerTest@3c73951]" started-at="2024-03-02T12:57:23 CST" name="userShuldBeAbleToAddNewCustomer" finished-at="2024-03-02T12:59:25 CST" duration-ms="122604" status="PASS">
          <params>
            <param index="0">
              <value>
                <![CDATA[demo@codefios.com]]>
              </value>
            </param>
            <param index="1">
              <value>
                <![CDATA[abc123]]>
              </value>
            </param>
            <param index="2">
              <value>
                <![CDATA[Dashboard]]>
              </value>
            </param>
            <param index="3">
              <value>
                <![CDATA[New Customer]]>
              </value>
            </param>
            <param index="4">
              <value>
                <![CDATA[xmlProjectDataDriven]]>
              </value>
            </param>
            <param index="5">
              <value>
                <![CDATA[Apple]]>
              </value>
            </param>
            <param index="6">
              <value>
                <![CDATA[nono@appple.com]]>
              </value>
            </param>
            <param index="7">
              <value>
                <![CDATA[222123456]]>
              </value>
            </param>
            <param index="8">
              <value>
                <![CDATA[No Where]]>
              </value>
            </param>
            <param index="9">
              <value>
                <![CDATA[Oslo]]>
              </value>
            </param>
            <param index="10">
              <value>
                <![CDATA[40018]]>
              </value>
            </param>
            <param index="11">
              <value>
                <![CDATA[Norway]]>
              </value>
            </param>
            <param index="12">
              <value>
                <![CDATA[Lazy]]>
              </value>
            </param>
          </params>
          <reporter-output>
          </reporter-output>
        </test-method> <!-- userShuldBeAbleToAddNewCustomer -->
      </class> <!-- tests.AddNewCustomerTest -->
    </test> <!-- AddNewCustomer -->
  </suite> <!-- regression -->
</testng-results>
